<?xml version="1.0" encoding="UTF-8"?>
<!-- Generated by org.testng.reporters.JUnitReportReporter -->
<testsuite hostname="GE00371M.lan" failures="0" tests="4" name="com.swedbank.factoring.automation.testcases.Test_LandingPage" time="154.406" errors="0" timestamp="2022-11-10T01:10:16 EET" skipped="0">
  <testcase classname="com.swedbank.factoring.automation.testcases.Test_LandingPage" name="landingPage" time="19.860"/>
  <system-out/>
  <testcase classname="com.swedbank.factoring.automation.testcases.Test_LandingPage" name="becomeACustomer" time="22.048"/>
  <system-out/>
  <testcase classname="com.swedbank.factoring.automation.testcases.Test_LandingPage" name="navigatingTabs" time="56.780"/>
  <system-out/>
  <testcase classname="com.swedbank.factoring.automation.testcases.Test_LandingPage" name="langOnLandingPage" time="55.718"/>
  <system-out/>
</testsuite> <!-- com.swedbank.factoring.automation.testcases.Test_LandingPage -->
