<?xml version="1.0" encoding="UTF-8"?>
<!-- Generated by org.testng.reporters.JUnitReportReporter -->
<testsuite hostname="GE00371M.local" failures="0" tests="3" name="com.swedbank.factoring.automation.testcases.Test_LandingPage" time="48.966" errors="0" timestamp="2022-11-09T02:48:33 EET" skipped="0">
  <testcase classname="com.swedbank.factoring.automation.testcases.Test_LandingPage" name="landingPage" time="4.932"/>
  <system-out/>
  <testcase classname="com.swedbank.factoring.automation.testcases.Test_LandingPage" name="becomeACustomer" time="5.393"/>
  <system-out/>
  <testcase classname="com.swedbank.factoring.automation.testcases.Test_LandingPage" name="navigatingTabs" time="38.641"/>
  <system-out/>
</testsuite> <!-- com.swedbank.factoring.automation.testcases.Test_LandingPage -->
