<?xml version="1.0" encoding="UTF-8"?>
<!-- Generated by org.testng.reporters.JUnitReportReporter -->
<testsuite skipped="0" hostname="GE00371M.local" name="com.swedbank.factoring.automation.testcases.Test_LoginPage" tests="3" failures="0" timestamp="2022-11-10T07:37:47 EET" time="100.831" errors="0">
  <testcase name="usingSwedBanklogo" time="28.437" classname="com.swedbank.factoring.automation.testcases.Test_LoginPage"/>
  <system-out/>
  <testcase name="usingApplyButton" time="37.404" classname="com.swedbank.factoring.automation.testcases.Test_LoginPage"/>
  <system-out/>
  <testcase name="usingLoginButton" time="34.990" classname="com.swedbank.factoring.automation.testcases.Test_LoginPage"/>
  <system-out/>
</testsuite> <!-- com.swedbank.factoring.automation.testcases.Test_LoginPage -->
