<?xml version="1.0" encoding="UTF-8"?>
<!-- Generated by org.testng.reporters.JUnitReportReporter -->
<testsuite hostname="GE00371M.lan" failures="0" tests="1" name="com.swedbank.factoring.test.automation.tests.Hello" time="1.912" errors="0" timestamp="2022-11-04T21:13:33 EET" skipped="0">
  <testcase classname="com.swedbank.factoring.test.automation.tests.Hello" name="landingPage" time="1.912"/>
  <system-out/>
</testsuite> <!-- com.swedbank.factoring.test.automation.tests.Hello -->
