<?xml version="1.0" encoding="UTF-8"?>
<!-- Generated by org.testng.reporters.JUnitReportReporter -->
<testsuite hostname="GE00371M.lan" failures="0" tests="3" name="com.swedbank.factoring.test.automation.tests.Test_LoginPage" time="51.404" errors="0" timestamp="2022-11-05T20:21:04 EET" skipped="0">
  <testcase classname="com.swedbank.factoring.test.automation.tests.Test_LoginPage" name="usingSwedBanklogo" time="14.416"/>
  <system-out/>
  <testcase classname="com.swedbank.factoring.test.automation.tests.Test_LoginPage" name="usingApplyButton" time="18.285"/>
  <system-out/>
  <testcase classname="com.swedbank.factoring.test.automation.tests.Test_LoginPage" name="usingLoginButton" time="18.703"/>
  <system-out/>
</testsuite> <!-- com.swedbank.factoring.test.automation.tests.Test_LoginPage -->
