<?xml version="1.0" encoding="UTF-8"?>
<!-- Generated by org.testng.reporters.JUnitReportReporter -->
<testsuite skipped="0" hostname="GE00371M.local" name="com.swedbank.factoring.automation.testcases.Test_LandingPage" tests="4" failures="0" timestamp="2022-11-10T07:37:47 EET" time="158.970" errors="0">
  <testcase name="landingPage" time="22.905" classname="com.swedbank.factoring.automation.testcases.Test_LandingPage"/>
  <system-out/>
  <testcase name="becomeACustomer" time="58.324" classname="com.swedbank.factoring.automation.testcases.Test_LandingPage"/>
  <system-out/>
  <testcase name="navigatingTabs" time="52.103" classname="com.swedbank.factoring.automation.testcases.Test_LandingPage"/>
  <system-out/>
  <testcase name="langOnLandingPage" time="25.638" classname="com.swedbank.factoring.automation.testcases.Test_LandingPage"/>
  <system-out/>
</testsuite> <!-- com.swedbank.factoring.automation.testcases.Test_LandingPage -->
