<?xml version="1.0" encoding="UTF-8"?>
<!-- Generated by org.testng.reporters.JUnitReportReporter -->
<testsuite hostname="GE00371M.local" failures="0" tests="16" name="com.swedbank.factoring.test.automation.tests.Test_FactoringCalculator" time="23.603" errors="0" timestamp="2022-11-08T17:46:01 EET" skipped="0">
  <testcase classname="com.swedbank.factoring.test.automation.tests.Test_FactoringCalculator" name="docAndFeesTabGeneralConditionsValidation" time="2.216"/>
  <system-out/>
  <testcase classname="com.swedbank.factoring.test.automation.tests.Test_FactoringCalculator" name="sectionDefaultValidations" time="0.542"/>
  <system-out/>
  <testcase classname="com.swedbank.factoring.test.automation.tests.Test_FactoringCalculator" name="interestRateAlphaNumericValidation" time="0.479"/>
  <system-out/>
  <testcase classname="com.swedbank.factoring.test.automation.tests.Test_FactoringCalculator" name="docAndfeesClaimDocValidation" time="4.645"/>
  <system-out/>
  <testcase classname="com.swedbank.factoring.test.automation.tests.Test_FactoringCalculator" name="paymentTermValidation" time="0.422"/>
  <system-out/>
  <testcase classname="com.swedbank.factoring.test.automation.tests.Test_FactoringCalculator" name="interestRateEmptyValidation" time="0.812"/>
  <system-out/>
  <testcase classname="com.swedbank.factoring.test.automation.tests.Test_FactoringCalculator" name="invoiceAmountAplhaNumericValidation" time="0.493"/>
  <system-out/>
  <testcase classname="com.swedbank.factoring.test.automation.tests.Test_FactoringCalculator" name="advanceRateValidation" time="1.256"/>
  <system-out/>
  <testcase classname="com.swedbank.factoring.test.automation.tests.Test_FactoringCalculator" name="applyButtonValidation" time="2.010"/>
  <system-out/>
  <testcase classname="com.swedbank.factoring.test.automation.tests.Test_FactoringCalculator" name="commissionFeesEmptyValidation" time="1.084"/>
  <system-out/>
  <testcase classname="com.swedbank.factoring.test.automation.tests.Test_FactoringCalculator" name="docAndFeesInvoiceListValidation" time="5.298"/>
  <system-out/>
  <testcase classname="com.swedbank.factoring.test.automation.tests.Test_FactoringCalculator" name="interestRateAboveLimitsValidation" time="0.802"/>
  <system-out/>
  <testcase classname="com.swedbank.factoring.test.automation.tests.Test_FactoringCalculator" name="howToApplyTabValidation" time="1.700"/>
  <system-out/>
  <testcase classname="com.swedbank.factoring.test.automation.tests.Test_FactoringCalculator" name="invoiceAmountEmptyValidation" time="0.606"/>
  <system-out/>
  <testcase classname="com.swedbank.factoring.test.automation.tests.Test_FactoringCalculator" name="commissionFeesAlphaNumericValidation" time="0.737"/>
  <system-out/>
  <testcase classname="com.swedbank.factoring.test.automation.tests.Test_FactoringCalculator" name="invoiceAmountZeroValidation" time="0.501"/>
  <system-out/>
</testsuite> <!-- com.swedbank.factoring.test.automation.tests.Test_FactoringCalculator -->
