<?xml version="1.0" encoding="UTF-8"?>
<!-- Generated by org.testng.reporters.JUnitReportReporter -->
<testsuite hostname="GE00371M.lan" failures="0" tests="4" name="com.swedbank.factoring.test.automation.tests.Test_LandingPage" time="55.136" errors="0" timestamp="2022-11-06T20:52:19 EET" skipped="0">
  <testcase classname="com.swedbank.factoring.test.automation.tests.Test_LandingPage" name="landingPage" time="1.055"/>
  <system-out/>
  <testcase classname="com.swedbank.factoring.test.automation.tests.Test_LandingPage" name="langOnLandingPage" time="7.857"/>
  <system-out/>
  <testcase classname="com.swedbank.factoring.test.automation.tests.Test_LandingPage" name="becomeACustomer" time="2.444"/>
  <system-out/>
  <testcase classname="com.swedbank.factoring.test.automation.tests.Test_LandingPage" name="navigatingTabs" time="43.780"/>
  <system-out/>
</testsuite> <!-- com.swedbank.factoring.test.automation.tests.Test_LandingPage -->
