<?xml version="1.0" encoding="UTF-8"?>
<!-- Generated by org.testng.reporters.JUnitReportReporter -->
<testsuite skipped="0" hostname="GE00371M.lan" name="com.swedbank.factoring.automation.testcases.Test_LandingPage" tests="4" failures="0" timestamp="2022-11-10T01:41:14 EET" time="144.976" errors="0">
  <testcase name="landingPage" time="13.540" classname="com.swedbank.factoring.automation.testcases.Test_LandingPage"/>
  <system-out/>
  <testcase name="becomeACustomer" time="48.260" classname="com.swedbank.factoring.automation.testcases.Test_LandingPage"/>
  <system-out/>
  <testcase name="navigatingTabs" time="52.368" classname="com.swedbank.factoring.automation.testcases.Test_LandingPage"/>
  <system-out/>
  <testcase name="langOnLandingPage" time="30.808" classname="com.swedbank.factoring.automation.testcases.Test_LandingPage"/>
  <system-out/>
</testsuite> <!-- com.swedbank.factoring.automation.testcases.Test_LandingPage -->
