<?xml version="1.0" encoding="UTF-8"?>
<!-- Generated by org.testng.reporters.JUnitReportReporter -->
<testsuite skipped="0" hostname="GE00371M.lan" name="com.swedbank.factoring.automation.testcases.Test_LoginPage" tests="3" failures="0" timestamp="2022-11-10T01:41:14 EET" time="100.522" errors="0">
  <testcase name="usingSwedBanklogo" time="29.116" classname="com.swedbank.factoring.automation.testcases.Test_LoginPage"/>
  <system-out/>
  <testcase name="usingApplyButton" time="36.136" classname="com.swedbank.factoring.automation.testcases.Test_LoginPage"/>
  <system-out/>
  <testcase name="usingLoginButton" time="35.270" classname="com.swedbank.factoring.automation.testcases.Test_LoginPage"/>
  <system-out/>
</testsuite> <!-- com.swedbank.factoring.automation.testcases.Test_LoginPage -->
